2026-02-03 21:17:50,935:DEBUG:certbot._internal.main:certbot version: 5.2.2
2026-02-03 21:17:50,935:DEBUG:certbot._internal.main:Location of certbot entry point: /opt/certbot/bin/certbot
2026-02-03 21:17:50,935:DEBUG:certbot._internal.main:Arguments: ['--config', '/etc/letsencrypt.ini', '--work-dir', '/tmp/letsencrypt-lib', '--logs-dir', '/data/logs', '--cert-name', 'npm-2', '--agree-tos', '--authenticator', 'webroot', '-m', 'admin@example.com', '--preferred-challenges', 'http', '--domains', 'vault.local']
2026-02-03 21:17:50,936:DEBUG:certbot._internal.main:Discovered plugins: PluginsRegistry(PluginEntryPoint#manual,PluginEntryPoint#null,PluginEntryPoint#standalone,PluginEntryPoint#webroot)
2026-02-03 21:17:50,950:DEBUG:certbot._internal.log:Root logging level set at 30
2026-02-03 21:17:50,951:DEBUG:certbot._internal.plugins.selection:Requested authenticator webroot and installer None
2026-02-03 21:17:50,951:DEBUG:certbot._internal.plugins.selection:Single candidate plugin: * webroot
Description: Saves the necessary validation files to a .well-known/acme-challenge/ directory within the nominated webroot path. A separate HTTP server must be running and serving files from the webroot path. HTTP challenge only (wildcards not supported).
Interfaces: Authenticator, Plugin
Entry point: EntryPoint(name='webroot', value='certbot._internal.plugins.webroot:Authenticator', group='certbot.plugins')
Initialized: <certbot._internal.plugins.webroot.Authenticator object at 0x7c91bfa67590>
Prep: True
2026-02-03 21:17:50,951:DEBUG:certbot._internal.plugins.selection:Selected authenticator <certbot._internal.plugins.webroot.Authenticator object at 0x7c91bfa67590> and installer None
2026-02-03 21:17:50,952:INFO:certbot._internal.plugins.selection:Plugins selected: Authenticator webroot, Installer None
2026-02-03 21:17:51,015:DEBUG:acme.client:Sending GET request to https://acme-v02.api.letsencrypt.org/directory.
2026-02-03 21:17:51,017:DEBUG:urllib3.connectionpool:Starting new HTTPS connection (1): acme-v02.api.letsencrypt.org:443
2026-02-03 21:17:52,248:DEBUG:urllib3.connectionpool:https://acme-v02.api.letsencrypt.org:443 "GET /directory HTTP/1.1" 200 1033
2026-02-03 21:17:52,249:DEBUG:acme.client:Received response:
HTTP 200
Server: nginx
Date: Tue, 03 Feb 2026 21:17:52 GMT
Content-Type: application/json
Content-Length: 1033
Connection: keep-alive
Cache-Control: public, max-age=0, no-cache
X-Frame-Options: DENY
Strict-Transport-Security: max-age=604800

{
  "JXcj99B6XBs": "https://community.letsencrypt.org/t/adding-random-entries-to-the-directory/33417",
  "keyChange": "https://acme-v02.api.letsencrypt.org/acme/key-change",
  "meta": {
    "caaIdentities": [
      "letsencrypt.org"
    ],
    "profiles": {
      "classic": "https://letsencrypt.org/docs/profiles#classic",
      "shortlived": "https://letsencrypt.org/docs/profiles#shortlived",
      "tlsclient": "https://letsencrypt.org/docs/profiles#tlsclient",
      "tlsserver": "https://letsencrypt.org/docs/profiles#tlsserver"
    },
    "termsOfService": "https://letsencrypt.org/documents/LE-SA-v1.6-August-18-2025.pdf",
    "website": "https://letsencrypt.org"
  },
  "newAccount": "https://acme-v02.api.letsencrypt.org/acme/new-acct",
  "newNonce": "https://acme-v02.api.letsencrypt.org/acme/new-nonce",
  "newOrder": "https://acme-v02.api.letsencrypt.org/acme/new-order",
  "renewalInfo": "https://acme-v02.api.letsencrypt.org/acme/renewal-info",
  "revokeCert": "https://acme-v02.api.letsencrypt.org/acme/revoke-cert"
}
2026-02-03 21:17:52,249:DEBUG:acme.client:Requesting fresh nonce
2026-02-03 21:17:52,249:DEBUG:acme.client:Sending HEAD request to https://acme-v02.api.letsencrypt.org/acme/new-nonce.
2026-02-03 21:17:52,452:DEBUG:urllib3.connectionpool:https://acme-v02.api.letsencrypt.org:443 "HEAD /acme/new-nonce HTTP/1.1" 200 0
2026-02-03 21:17:52,452:DEBUG:acme.client:Received response:
HTTP 200
Server: nginx
Date: Tue, 03 Feb 2026 21:17:52 GMT
Connection: keep-alive
Cache-Control: public, max-age=0, no-cache
Link: <https://acme-v02.api.letsencrypt.org/directory>;rel="index"
Replay-Nonce: ay3RMBSdotHZs1HblhlG33WDHP_nfXxj13hY6WUlpGkb9EJl12k
X-Frame-Options: DENY
Strict-Transport-Security: max-age=604800


2026-02-03 21:17:52,452:DEBUG:acme.client:Storing nonce: ay3RMBSdotHZs1HblhlG33WDHP_nfXxj13hY6WUlpGkb9EJl12k
2026-02-03 21:17:52,453:DEBUG:acme.client:JWS payload:
b'{\n  "contact": [\n    "mailto:admin@example.com"\n  ],\n  "termsOfServiceAgreed": true\n}'
2026-02-03 21:17:52,456:DEBUG:acme.client:Sending POST request to https://acme-v02.api.letsencrypt.org/acme/new-acct:
{
  "protected": "eyJhbGciOiAiUlMyNTYiLCAiandrIjogeyJuIjogInV4RXJXYXN6LURyV25aWHZwbm1UUmtSSmV3c1pxRk5uSmktcjgwMXd2U3NJbENGZFM1SUlZbHk0a2pDWVAxVGFweXZjQjZLZERmZTQwdWk3ZlJVV2NGVmJNa3NyYV80LXFSYVRWQUczN2NNX0hKcVBESjZCRG9RR3JhSUFqcmZoTzJTeER6ZG1vQzJPbU8xTmNKMmlZWDFpWWhzXzRySnpNWjJleDNjSnBGSnJhUjNEejl3bmttbXJMSC1hcVFkZFhCOUxwdFZFajV0TFk5X0RpMldmMUwtTHVqdFVyNWoxYTVJMjF2dmhWVDV3QVZxZXlET3RDQi1nbWg1QU02aUJ5MUVDMm00akpPcjNndU5HVEJsSEpFaVJPcVM1WFV4bGJYbzhaczIyRmdCY3ZmdFFGazdGUEtjT2hCRHQtUDBGTnJSME5Wbmtaa205djNfcVRPM05EdyIsICJlIjogIkFRQUIiLCAia3R5IjogIlJTQSJ9LCAibm9uY2UiOiAiYXkzUk1CU2RvdEhaczFIYmxobEczM1dESFBfbmZYeGoxM2hZNldVbHBHa2I5RUpsMTJrIiwgInVybCI6ICJodHRwczovL2FjbWUtdjAyLmFwaS5sZXRzZW5jcnlwdC5vcmcvYWNtZS9uZXctYWNjdCJ9",
  "signature": "jszPf4B1gBPIjOOmrWK7vf8fzDZq3yuVd_j1hBsrRxPtcUffQsKbRPQJmO4EG0XgyeXRFBv5ggoRooDHe4hrYwPNIkMllLb2Rrz0mrf3UoM7lLTtYUpagNJkaUcvRCtj29MygI_UcmbMLiD1tJvkQivREMYo0lvW0r1Jat2xB4xsPI0pahFIqVmfbme8b3DUQJgqbyvLFr0t4YDV9SuJd47uRtCrEVbuWx-YdVbY6ta3uu1H81JctZZuNYZWrniKmdN3qu-Evezn5xcktQO6Any8fw4I5m3p4KOeth9yZuEjprlP71pZ1vuVK2tNQ1XPdzVCM2HLXIKP82Xr37JaTg",
  "payload": "ewogICJjb250YWN0IjogWwogICAgIm1haWx0bzphZG1pbkBleGFtcGxlLmNvbSIKICBdLAogICJ0ZXJtc09mU2VydmljZUFncmVlZCI6IHRydWUKfQ"
}
2026-02-03 21:17:52,657:DEBUG:urllib3.connectionpool:https://acme-v02.api.letsencrypt.org:443 "POST /acme/new-acct HTTP/1.1" 400 171
2026-02-03 21:17:52,658:DEBUG:acme.client:Received response:
HTTP 400
Server: nginx
Date: Tue, 03 Feb 2026 21:17:52 GMT
Content-Type: application/problem+json
Content-Length: 171
Connection: keep-alive
Cache-Control: public, max-age=0, no-cache
Link: <https://acme-v02.api.letsencrypt.org/directory>;rel="index"
Replay-Nonce: yEIP-nqM8IuKxlvWTdJsVt7G7PSXIrJ-WrrrvyEjg--P2YXaanc

{
  "type": "urn:ietf:params:acme:error:invalidContact",
  "detail": "Error validating contact(s) :: contact email has forbidden domain \"example.com\"",
  "status": 400
}
2026-02-03 21:17:52,658:DEBUG:certbot._internal.main:
Traceback (most recent call last):
  File "/opt/certbot/lib/python3.11/site-packages/certbot/_internal/client.py", line 255, in perform_registration
    return acme.new_account(messages.NewRegistration.from_data(
           ^^^^^^^^^^^^^^^^^^^^^^^^^^^^^^^^^^^^^^^^^^^^^^^^^^^^
  File "/opt/certbot/lib/python3.11/site-packages/acme/client.py", line 60, in new_account
    response = self._post(self.directory['newAccount'], new_account)
               ^^^^^^^^^^^^^^^^^^^^^^^^^^^^^^^^^^^^^^^^^^^^^^^^^^^^^
  File "/opt/certbot/lib/python3.11/site-packages/acme/client.py", line 461, in _post
    return self.net.post(*args, **kwargs)
           ^^^^^^^^^^^^^^^^^^^^^^^^^^^^^^
  File "/opt/certbot/lib/python3.11/site-packages/acme/client.py", line 812, in post
    return self._post_once(*args, **kwargs)
           ^^^^^^^^^^^^^^^^^^^^^^^^^^^^^^^^
  File "/opt/certbot/lib/python3.11/site-packages/acme/client.py", line 827, in _post_once
    response = self._check_response(response, content_type=content_type)
               ^^^^^^^^^^^^^^^^^^^^^^^^^^^^^^^^^^^^^^^^^^^^^^^^^^^^^^^^^
  File "/opt/certbot/lib/python3.11/site-packages/acme/client.py", line 699, in _check_response
    raise messages.Error.from_json(jobj)
acme.messages.Error: urn:ietf:params:acme:error:invalidContact :: The provided contact URI was invalid :: Error validating contact(s) :: contact email has forbidden domain "example.com"

During handling of the above exception, another exception occurred:

Traceback (most recent call last):
  File "/opt/certbot/lib/python3.11/site-packages/certbot/_internal/main.py", line 748, in _determine_account
    acc, acme = client.register(
                ^^^^^^^^^^^^^^^^
  File "/opt/certbot/lib/python3.11/site-packages/certbot/_internal/client.py", line 206, in register
    regr = perform_registration(acme, config, tos_cb)
           ^^^^^^^^^^^^^^^^^^^^^^^^^^^^^^^^^^^^^^^^^^
  File "/opt/certbot/lib/python3.11/site-packages/certbot/_internal/client.py", line 263, in perform_registration
    raise errors.Error(msg)
certbot.errors.Error: The ACME server believes admin@example.com is an invalid email address. Please ensure it is a valid email and attempt registration again.
2026-02-03 21:17:52,661:DEBUG:certbot._internal.log:Exiting abnormally:
Traceback (most recent call last):
  File "/opt/certbot/lib/python3.11/site-packages/certbot/_internal/client.py", line 255, in perform_registration
    return acme.new_account(messages.NewRegistration.from_data(
           ^^^^^^^^^^^^^^^^^^^^^^^^^^^^^^^^^^^^^^^^^^^^^^^^^^^^
  File "/opt/certbot/lib/python3.11/site-packages/acme/client.py", line 60, in new_account
    response = self._post(self.directory['newAccount'], new_account)
               ^^^^^^^^^^^^^^^^^^^^^^^^^^^^^^^^^^^^^^^^^^^^^^^^^^^^^
  File "/opt/certbot/lib/python3.11/site-packages/acme/client.py", line 461, in _post
    return self.net.post(*args, **kwargs)
           ^^^^^^^^^^^^^^^^^^^^^^^^^^^^^^
  File "/opt/certbot/lib/python3.11/site-packages/acme/client.py", line 812, in post
    return self._post_once(*args, **kwargs)
           ^^^^^^^^^^^^^^^^^^^^^^^^^^^^^^^^
  File "/opt/certbot/lib/python3.11/site-packages/acme/client.py", line 827, in _post_once
    response = self._check_response(response, content_type=content_type)
               ^^^^^^^^^^^^^^^^^^^^^^^^^^^^^^^^^^^^^^^^^^^^^^^^^^^^^^^^^
  File "/opt/certbot/lib/python3.11/site-packages/acme/client.py", line 699, in _check_response
    raise messages.Error.from_json(jobj)
acme.messages.Error: urn:ietf:params:acme:error:invalidContact :: The provided contact URI was invalid :: Error validating contact(s) :: contact email has forbidden domain "example.com"

During handling of the above exception, another exception occurred:

Traceback (most recent call last):
  File "/opt/certbot/lib/python3.11/site-packages/certbot/_internal/main.py", line 748, in _determine_account
    acc, acme = client.register(
                ^^^^^^^^^^^^^^^^
  File "/opt/certbot/lib/python3.11/site-packages/certbot/_internal/client.py", line 206, in register
    regr = perform_registration(acme, config, tos_cb)
           ^^^^^^^^^^^^^^^^^^^^^^^^^^^^^^^^^^^^^^^^^^
  File "/opt/certbot/lib/python3.11/site-packages/certbot/_internal/client.py", line 263, in perform_registration
    raise errors.Error(msg)
certbot.errors.Error: The ACME server believes admin@example.com is an invalid email address. Please ensure it is a valid email and attempt registration again.

During handling of the above exception, another exception occurred:

Traceback (most recent call last):
  File "/opt/certbot/bin/certbot", line 7, in <module>
    sys.exit(main())
             ^^^^^^
  File "/opt/certbot/lib/python3.11/site-packages/certbot/main.py", line 18, in main
    return internal_main.main(cli_args)
           ^^^^^^^^^^^^^^^^^^^^^^^^^^^^
  File "/opt/certbot/lib/python3.11/site-packages/certbot/_internal/main.py", line 1876, in main
    return config.func(config, plugins)
           ^^^^^^^^^^^^^^^^^^^^^^^^^^^^
  File "/opt/certbot/lib/python3.11/site-packages/certbot/_internal/main.py", line 1570, in certonly
    le_client = _init_le_client(config, auth, installer)
                ^^^^^^^^^^^^^^^^^^^^^^^^^^^^^^^^^^^^^^^^
  File "/opt/certbot/lib/python3.11/site-packages/certbot/_internal/main.py", line 840, in _init_le_client
    acc, acme = _determine_account(config)
                ^^^^^^^^^^^^^^^^^^^^^^^^^^
  File "/opt/certbot/lib/python3.11/site-packages/certbot/_internal/main.py", line 761, in _determine_account
    raise errors.Error(
certbot.errors.Error: Unable to register an account with ACME server. The ACME server believes admin@example.com is an invalid email address. Please ensure it is a valid email and attempt registration again.
2026-02-03 21:17:52,663:ERROR:certbot._internal.log:Unable to register an account with ACME server. The ACME server believes admin@example.com is an invalid email address. Please ensure it is a valid email and attempt registration again.
